0 info it worked if it ends with ok
1 verbose cli [ 'C:\\Program Files\\nodejs\\node.exe',
1 verbose cli   'C:\\Program Files\\nodejs\\node_modules\\npm\\bin\\npm-cli.js',
1 verbose cli   'install',
1 verbose cli   'ngCordova' ]
2 info using npm@2.14.7
3 info using node@v4.2.2
4 verbose install initial load of C:\Users\totsa\projects\BishkekTaxi\package.json
5 warn package.json bishkektaxi@1.1.1 No repository field.
6 warn package.json bishkektaxi@1.1.1 No README data
7 warn package.json bishkektaxi@1.1.1 No license field.
8 verbose installManyTop reading scoped package data from C:\Users\totsa\projects\BishkekTaxi\node_modules\angular-i18n\package.json
9 verbose installManyTop reading scoped package data from C:\Users\totsa\projects\BishkekTaxi\node_modules\bower\package.json
10 verbose installManyTop reading scoped package data from C:\Users\totsa\projects\BishkekTaxi\node_modules\gulp\package.json
11 verbose installManyTop reading scoped package data from C:\Users\totsa\projects\BishkekTaxi\node_modules\gulp-concat\package.json
12 verbose installManyTop reading scoped package data from C:\Users\totsa\projects\BishkekTaxi\node_modules\gulp-minify-css\package.json
13 verbose installManyTop reading scoped package data from C:\Users\totsa\projects\BishkekTaxi\node_modules\gulp-rename\package.json
14 verbose installManyTop reading scoped package data from C:\Users\totsa\projects\BishkekTaxi\node_modules\gulp-sass\package.json
15 verbose installManyTop reading scoped package data from C:\Users\totsa\projects\BishkekTaxi\node_modules\gulp-util\package.json
16 verbose installManyTop reading scoped package data from C:\Users\totsa\projects\BishkekTaxi\node_modules\shelljs\package.json
17 info package.json gulp-rename@1.2.2 No license field.
18 info package.json gulp-minify-css@0.3.13 No license field.
19 info package.json gulp-util@2.2.20 No license field.
20 info package.json shelljs@0.3.0 license should be a valid SPDX license expression
21 verbose readDependencies loading dependencies from C:\Users\totsa\projects\BishkekTaxi\package.json
22 silly cache add args [ 'ngCordova', null ]
23 verbose cache add spec ngCordova
24 silly cache add parsed spec Result {
24 silly cache add   raw: 'ngCordova',
24 silly cache add   scope: null,
24 silly cache add   name: 'ngCordova',
24 silly cache add   rawSpec: '',
24 silly cache add   spec: '*',
24 silly cache add   type: 'range' }
25 silly addNamed ngCordova@*
26 verbose addNamed "*" is a valid semver range for ngCordova
27 silly addNameRange { name: 'ngCordova', range: '*', hasData: false }
28 silly mapToRegistry name ngCordova
29 silly mapToRegistry using default registry
30 silly mapToRegistry registry https://registry.npmjs.org/
31 silly mapToRegistry uri https://registry.npmjs.org/ngCordova
32 verbose addNameRange registry:https://registry.npmjs.org/ngCordova not in flight; fetching
33 verbose request uri https://registry.npmjs.org/ngCordova
34 verbose request no auth needed
35 info attempt registry request try #1 at 23:19:57
36 verbose request id e1b2a0bb349254ef
37 http request GET https://registry.npmjs.org/ngCordova
38 http 404 https://registry.npmjs.org/ngCordova
39 verbose headers { 'content-type': 'application/json',
39 verbose headers   'cache-control': 'max-age=0',
39 verbose headers   'content-length': '2',
39 verbose headers   'accept-ranges': 'bytes',
39 verbose headers   date: 'Sat, 30 Jan 2016 20:19:57 GMT',
39 verbose headers   via: '1.1 varnish',
39 verbose headers   age: '0',
39 verbose headers   connection: 'keep-alive',
39 verbose headers   'x-served-by': 'cache-fra1241-FRA',
39 verbose headers   'x-cache': 'MISS',
39 verbose headers   'x-cache-hits': '0',
39 verbose headers   'x-timer': 'S1454185196.893354,VS0,VE174' }
40 silly get cb [ 404,
40 silly get   { 'content-type': 'application/json',
40 silly get     'cache-control': 'max-age=0',
40 silly get     'content-length': '2',
40 silly get     'accept-ranges': 'bytes',
40 silly get     date: 'Sat, 30 Jan 2016 20:19:57 GMT',
40 silly get     via: '1.1 varnish',
40 silly get     age: '0',
40 silly get     connection: 'keep-alive',
40 silly get     'x-served-by': 'cache-fra1241-FRA',
40 silly get     'x-cache': 'MISS',
40 silly get     'x-cache-hits': '0',
40 silly get     'x-timer': 'S1454185196.893354,VS0,VE174' } ]
41 verbose stack Error: Registry returned 404 for GET on https://registry.npmjs.org/ngCordova
41 verbose stack     at makeError (C:\Program Files\nodejs\node_modules\npm\node_modules\npm-registry-client\lib\request.js:264:12)
41 verbose stack     at CachingRegistryClient.<anonymous> (C:\Program Files\nodejs\node_modules\npm\node_modules\npm-registry-client\lib\request.js:242:14)
41 verbose stack     at Request._callback (C:\Program Files\nodejs\node_modules\npm\node_modules\npm-registry-client\lib\request.js:172:14)
41 verbose stack     at Request.self.callback (C:\Program Files\nodejs\node_modules\npm\node_modules\request\request.js:198:22)
41 verbose stack     at emitTwo (events.js:87:13)
41 verbose stack     at Request.emit (events.js:172:7)
41 verbose stack     at Request.<anonymous> (C:\Program Files\nodejs\node_modules\npm\node_modules\request\request.js:1063:14)
41 verbose stack     at emitOne (events.js:82:20)
41 verbose stack     at Request.emit (events.js:169:7)
41 verbose stack     at IncomingMessage.<anonymous> (C:\Program Files\nodejs\node_modules\npm\node_modules\request\request.js:1009:12)
42 verbose statusCode 404
43 verbose pkgid ngCordova
44 verbose cwd C:\Users\totsa\projects\BishkekTaxi
45 error Windows_NT 10.0.10586
46 error argv "C:\\Program Files\\nodejs\\node.exe" "C:\\Program Files\\nodejs\\node_modules\\npm\\bin\\npm-cli.js" "install" "ngCordova"
47 error node v4.2.2
48 error npm  v2.14.7
49 error code E404
50 error 404 Registry returned 404 for GET on https://registry.npmjs.org/ngCordova
50 error 404
50 error 404 'ngCordova' is not in the npm registry.
50 error 404 Your package name is not valid, because
50 error 404
50 error 404  1. name can no longer contain capital letters
50 error 404 It was specified as a dependency of 'bishkektaxi'
50 error 404
50 error 404 Note that you can also install from a
50 error 404 tarball, folder, http url, or git url.
51 verbose exit [ 1, true ]
